<?xml version="1.0" encoding="windows-1252" standalone="no"?>
<!DOCTYPE log SYSTEM "logger.dtd">
<log>
<record>
  <date>2012-12-10T02:12:53</date>
  <millis>1355085773085</millis>
  <sequence>0</sequence>
  <logger>log_file</logger>
  <level>WARNING</level>
  <class>QuintLog</class>
  <method>main</method>
  <thread>10</thread>
  <message>Doing carefully!</message>
</record>
<record>
  <date>2012-12-10T02:12:53</date>
  <millis>1355085773133</millis>
  <sequence>1</sequence>
  <logger>log_file</logger>
  <level>INFO</level>
  <class>QuintLog</class>
  <method>main</method>
  <thread>10</thread>
  <message>Doing something ...</message>
</record>
<record>
  <date>2012-12-10T02:12:53</date>
  <millis>1355085773133</millis>
  <sequence>2</sequence>
  <logger>log_file</logger>
  <level>SEVERE</level>
  <class>QuintLog</class>
  <method>main</method>
  <thread>10</thread>
  <message>Doing strictily </message>
</record>
<record>
  <date>2012-12-10T02:13:08</date>
  <millis>1355085788804</millis>
  <sequence>3</sequence>
  <logger>log_file</logger>
  <level>WARNING</level>
  <class>QuintLog</class>
  <method>main</method>
  <thread>11</thread>
  <message>Doing carefully!</message>
</record>
<record>
  <date>2012-12-10T02:13:08</date>
  <millis>1355085788807</millis>
  <sequence>4</sequence>
  <logger>log_file</logger>
  <level>INFO</level>
  <class>QuintLog</class>
  <method>main</method>
  <thread>11</thread>
  <message>Doing something ...</message>
</record>
<record>
  <date>2012-12-10T02:13:08</date>
  <millis>1355085788809</millis>
  <sequence>5</sequence>
  <logger>log_file</logger>
  <level>SEVERE</level>
  <class>QuintLog</class>
  <method>main</method>
  <thread>11</thread>
  <message>Doing strictily </message>
</record>
</log>
